<?xml version="1.0" encoding="UTF-8"?>
<!-- Generated by org.testng.reporters.JUnitReportReporter -->
<testsuite hostname="DESKTOP-ACKRV19" failures="0" tests="1" name="testProject.optiimTestCase" time="59.490" errors="0" timestamp="04 Oct 2020 21:27:24 GMT" skipped="0">
  <testcase classname="testProject.optiimTestCase" name="f" time="59.490"/>
</testsuite> <!-- testProject.optiimTestCase -->
