<?xml version="1.0" encoding="UTF-8"?>
<!-- Generated by org.testng.reporters.JUnitReportReporter -->
<testsuite hostname="DESKTOP-ACKRV19" failures="0" tests="1" name="testProject.optiimTestCase" time="60.230" errors="0" timestamp="15 Oct 2020 21:13:23 GMT" skipped="0">
  <testcase classname="testProject.optiimTestCase" name="f" time="60.230"/>
</testsuite> <!-- testProject.optiimTestCase -->
