<?xml version="1.0" encoding="UTF-8"?>
<!-- Generated by org.testng.reporters.JUnitReportReporter -->
<testsuite hostname="DESKTOP-ACKRV19" failures="0" tests="1" name="testProject.optiimTestCase" time="56.249" errors="0" timestamp="12 Oct 2020 10:52:13 GMT" skipped="0">
  <testcase classname="testProject.optiimTestCase" name="f" time="56.249"/>
</testsuite> <!-- testProject.optiimTestCase -->
