<?xml version="1.0" encoding="UTF-8"?>
<!-- Generated by org.testng.reporters.JUnitReportReporter -->
<testsuite hostname="DESKTOP-ACKRV19" failures="0" tests="1" name="testProject.optiimTestCase" time="65.991" errors="0" timestamp="12 Oct 2020 08:37:46 GMT" skipped="0">
  <testcase classname="testProject.optiimTestCase" name="f" time="65.991"/>
</testsuite> <!-- testProject.optiimTestCase -->
